# JRE version: OpenJDK Runtime Environment Zulu11.76+21-CA (11.0.25+9) (build 11.0.25+9-LTS)
# Java VM: OpenJDK 64-Bit Server VM Zulu11.76+21-CA (11.0.25+9-LTS, mixed mode, tiered, compressed oops, g1 gc, windows-amd64)
Heap:
 garbage-first heap   total 1916928K, used 173056K [0x0000000704e00000, 0x0000000800000000)
  region size 1024K, 4 young (4096K), 4 survivors (4096K)
 Metaspace       used 10595K, capacity 10786K, committed 10880K, reserved 1058816K
  class space    used 970K, capacity 1061K, committed 1152K, reserved 1048576K
GC Heap History (17 events):
Event: 0.293 GC heap before
{Heap before GC invocations=0 (full 0):
 garbage-first heap   total 258048K, used 24576K [0x0000000704e00000, 0x0000000800000000)
  region size 1024K, 24 young (24576K), 0 survivors (0K)
 Metaspace       used 10525K, capacity 10722K, committed 10880K, reserved 1058816K
  class space    used 970K, capacity 1061K, committed 1152K, reserved 1048576K
}
Event: 0.330 GC heap after
{Heap after GC invocations=1 (full 0):
 garbage-first heap   total 258048K, used 18436K [0x0000000704e00000, 0x0000000800000000)
  region size 1024K, 3 young (3072K), 3 survivors (3072K)
 Metaspace       used 10525K, capacity 10722K, committed 10880K, reserved 1058816K
  class space    used 970K, capacity 1061K, committed 1152K, reserved 1048576K
}
Event: 0.360 GC heap before
{Heap before GC invocations=1 (full 0):
 garbage-first heap   total 258048K, used 27652K [0x0000000704e00000, 0x0000000800000000)
  region size 1024K, 12 young (12288K), 3 survivors (3072K)
 Metaspace       used 10531K, capacity 10722K, committed 10880K, reserved 1058816K
  class space    used 970K, capacity 1061K, committed 1152K, reserved 1048576K
}
Event: 0.378 GC heap after
{Heap after GC invocations=2 (full 0):
 garbage-first heap   total 258048K, used 28152K [0x0000000704e00000, 0x0000000800000000)
  region size 1024K, 2 young (2048K), 2 survivors (2048K)
 Metaspace       used 10531K, capacity 10722K, committed 10880K, reserved 1058816K
  class space    used 970K, capacity 1061K, committed 1152K, reserved 1048576K
}
Event: 0.408 GC heap before
{Heap before GC invocations=2 (full 0):
 garbage-first heap   total 258048K, used 38392K [0x0000000704e00000, 0x0000000800000000)
  region size 1024K, 12 young (12288K), 2 survivors (2048K)
 Metaspace       used 10532K, capacity 10722K, committed 10880K, reserved 1058816K
  class space    used 970K, capacity 1061K, committed 1152K, reserved 1048576K
}
Event: 0.430 GC heap after
{Heap after GC invocations=3 (full 0):
 garbage-first heap   total 258048K, used 39270K [0x0000000704e00000, 0x0000000800000000)
  region size 1024K, 2 young (2048K), 2 survivors (2048K)
 Metaspace       used 10532K, capacity 10722K, committed 10880K, reserved 1058816K
  class space    used 970K, capacity 1061K, committed 1152K, reserved 1048576K
}
Event: 0.454 GC heap before
{Heap before GC invocations=3 (full 0):
 garbage-first heap   total 258048K, used 49510K [0x0000000704e00000, 0x0000000800000000)
  region size 1024K, 12 young (12288K), 2 survivors (2048K)
 Metaspace       used 10547K, capacity 10722K, committed 10880K, reserved 1058816K
  class space    used 970K, capacity 1061K, committed 1152K, reserved 1048576K
}
Event: 0.475 GC heap after
{Heap after GC invocations=4 (full 0):
 garbage-first heap   total 258048K, used 50139K [0x0000000704e00000, 0x0000000800000000)
  region size 1024K, 2 young (2048K), 2 survivors (2048K)
 Metaspace       used 10547K, capacity 10722K, committed 10880K, reserved 1058816K
  class space    used 970K, capacity 1061K, committed 1152K, reserved 1048576K
}
Event: 0.497 GC heap before
{Heap before GC invocations=4 (full 0):
 garbage-first heap   total 258048K, used 60379K [0x0000000704e00000, 0x0000000800000000)
  region size 1024K, 12 young (12288K), 2 survivors (2048K)
 Metaspace       used 10553K, capacity 10722K, committed 10880K, reserved 1058816K
  class space    used 970K, capacity 1061K, committed 1152K, reserved 1048576K
}
Event: 0.524 GC heap after
{Heap after GC invocations=5 (full 0):
 garbage-first heap   total 638976K, used 60416K [0x0000000704e00000, 0x0000000800000000)
  region size 1024K, 2 young (2048K), 2 survivors (2048K)
 Metaspace       used 10553K, capacity 10722K, committed 10880K, reserved 1058816K
  class space    used 970K, capacity 1061K, committed 1152K, reserved 1048576K
}
Event: 0.602 GC heap before
{Heap before GC invocations=5 (full 0):
 garbage-first heap   total 638976K, used 90112K [0x0000000704e00000, 0x0000000800000000)
  region size 1024K, 31 young (31744K), 2 survivors (2048K)
 Metaspace       used 10573K, capacity 10786K, committed 10880K, reserved 1058816K
  class space    used 970K, capacity 1061K, committed 1152K, reserved 1048576K
}
Event: 0.667 GC heap after
{Heap after GC invocations=6 (full 0):
 garbage-first heap   total 638976K, used 88952K [0x0000000704e00000, 0x0000000800000000)
  region size 1024K, 4 young (4096K), 4 survivors (4096K)
 Metaspace       used 10573K, capacity 10786K, committed 10880K, reserved 1058816K
  class space    used 970K, capacity 1061K, committed 1152K, reserved 1048576K
}
Event: 0.728 GC heap before
{Heap before GC invocations=6 (full 0):
 garbage-first heap   total 638976K, used 116600K [0x0000000704e00000, 0x0000000800000000)
  region size 1024K, 31 young (31744K), 4 survivors (4096K)
 Metaspace       used 10573K, capacity 10786K, committed 10880K, reserved 1058816K
  class space    used 970K, capacity 1061K, committed 1152K, reserved 1048576K
}
Event: 0.787 GC heap after
{Heap after GC invocations=7 (full 0):
 garbage-first heap   total 638976K, used 116700K [0x0000000704e00000, 0x0000000800000000)
  region size 1024K, 4 young (4096K), 4 survivors (4096K)
 Metaspace       used 10573K, capacity 10786K, committed 10880K, reserved 1058816K
  class space    used 970K, capacity 1061K, committed 1152K, reserved 1048576K
}
Event: 0.851 GC heap before
{Heap before GC invocations=7 (full 0):
 garbage-first heap   total 638976K, used 144348K [0x0000000704e00000, 0x0000000800000000)
  region size 1024K, 31 young (31744K), 4 survivors (4096K)
 Metaspace       used 10595K, capacity 10786K, committed 10880K, reserved 1058816K
  class space    used 970K, capacity 1061K, committed 1152K, reserved 1048576K
}
Event: 0.913 GC heap after
{Heap after GC invocations=8 (full 0):
 garbage-first heap   total 638976K, used 144384K [0x0000000704e00000, 0x0000000800000000)
  region size 1024K, 4 young (4096K), 4 survivors (4096K)
 Metaspace       used 10595K, capacity 10786K, committed 10880K, reserved 1058816K
  class space    used 970K, capacity 1061K, committed 1152K, reserved 1048576K
}
Event: 0.982 GC heap before
{Heap before GC invocations=8 (full 0):
 garbage-first heap   total 638976K, used 172032K [0x0000000704e00000, 0x0000000800000000)
  region size 1024K, 31 young (31744K), 4 survivors (4096K)
 Metaspace       used 10595K, capacity 10786K, committed 10880K, reserved 1058816K
  class space    used 970K, capacity 1061K, committed 1152K, reserved 1048576K
}

